<?xml version="1.0" encoding="UTF-8"?>
<!-- Generated by org.testng.reporters.JUnitReportReporter -->
<testsuite hostname="vamsisatya-macbookpro.roam.internal" failures="0" tests="1" name="testCases.LoginDDT" time="0.000" errors="0" timestamp="2024-12-05T18:22:53 IST" skipped="1">
  <testcase classname="testCases.LoginDDT" name="logindata" time="0.000">
    <skipped/>
  </testcase> <!-- logindata -->
  <system-out/>
</testsuite> <!-- testCases.LoginDDT -->
